<?xml version="1.0" encoding="UTF-8"?>
<testng-results skipped="0" failed="0" ignored="0" total="1" passed="1">
  <reporter-output>
  </reporter-output>
  <suite name="Honest Food Test Suite" duration-ms="27660" started-at="2019-07-04T15:25:37Z" finished-at="2019-07-04T15:26:05Z">
    <groups>
    </groups>
    <test name="CodingRound" duration-ms="27660" started-at="2019-07-04T15:25:37Z" finished-at="2019-07-04T15:26:05Z">
      <class name="com.demo.testcases.AddToCartTest">
        <test-method status="PASS" signature="Setup()[pri:0, instance:com.demo.testcases.AddToCartTest@679b62af]" name="Setup" is-config="true" duration-ms="8974" started-at="2019-07-04T20:55:28Z" finished-at="2019-07-04T20:55:37Z">
          <reporter-output>
          </reporter-output>
        </test-method> <!-- Setup -->
        <test-method status="PASS" signature="setApplicationLoginPage()[pri:0, instance:com.demo.testcases.AddToCartTest@679b62af]" name="setApplicationLoginPage" is-config="true" duration-ms="793" started-at="2019-07-04T20:55:37Z" finished-at="2019-07-04T20:55:38Z">
          <reporter-output>
          </reporter-output>
        </test-method> <!-- setApplicationLoginPage -->
        <test-method status="PASS" signature="beforeMethodCalled(java.lang.reflect.Method)[pri:0, instance:com.demo.testcases.AddToCartTest@679b62af]" name="beforeMethodCalled" is-config="true" duration-ms="1" started-at="2019-07-04T20:55:38Z" finished-at="2019-07-04T20:55:38Z">
          <params>
            <param index="0">
              <value>
                <![CDATA[public void com.demo.testcases.AddToCartTest.addToCartFromMamacita() throws java.lang.InterruptedException]]>
              </value>
            </param>
          </params>
          <reporter-output>
          </reporter-output>
        </test-method> <!-- beforeMethodCalled -->
        <test-method status="PASS" signature="addToCartFromMamacita()[pri:0, instance:com.demo.testcases.AddToCartTest@679b62af]" name="addToCartFromMamacita" duration-ms="26845" started-at="2019-07-04T20:55:38Z" finished-at="2019-07-04T20:56:05Z">
          <reporter-output>
          </reporter-output>
        </test-method> <!-- addToCartFromMamacita -->
        <test-method status="PASS" signature="afterMethodCalled(java.lang.reflect.Method)[pri:0, instance:com.demo.testcases.AddToCartTest@679b62af]" name="afterMethodCalled" is-config="true" duration-ms="1" started-at="2019-07-04T20:56:05Z" finished-at="2019-07-04T20:56:05Z">
          <params>
            <param index="0">
              <value>
                <![CDATA[public void com.demo.testcases.AddToCartTest.addToCartFromMamacita() throws java.lang.InterruptedException]]>
              </value>
            </param>
          </params>
          <reporter-output>
          </reporter-output>
        </test-method> <!-- afterMethodCalled -->
        <test-method status="PASS" signature="tearDown()[pri:0, instance:com.demo.testcases.AddToCartTest@679b62af]" name="tearDown" is-config="true" duration-ms="2" started-at="2019-07-04T20:56:05Z" finished-at="2019-07-04T20:56:05Z">
          <reporter-output>
          </reporter-output>
        </test-method> <!-- tearDown -->
        <test-method status="PASS" signature="suiteEndReached()[pri:0, instance:com.demo.testcases.AddToCartTest@679b62af]" name="suiteEndReached" is-config="true" duration-ms="136" started-at="2019-07-04T20:56:05Z" finished-at="2019-07-04T20:56:05Z">
          <reporter-output>
          </reporter-output>
        </test-method> <!-- suiteEndReached -->
      </class> <!-- com.demo.testcases.AddToCartTest -->
    </test> <!-- CodingRound -->
  </suite> <!-- Honest Food Test Suite -->
</testng-results>
